[00:01:42] [Server thread/INFO]: miguisaurio has made the advancement [Not Today, Thank You]
[00:02:53] [Server thread/INFO]: Trabis has made the advancement [Getting an Upgrade]
[00:08:09] [Server thread/INFO]: Made xPablito a server operator
[00:08:15] [Server thread/INFO]: [xPablito: Teleported xPablito to Cepa_e36]
[00:08:15] [Server thread/WARN]: xPablito moved too quickly! 141.9327580967092,-1.0,-142.3255607926844
[00:08:15] [Server thread/WARN]: xPablito moved too quickly! 141.9327580967092,-1.0,-142.3255607926844
[00:08:15] [Server thread/WARN]: xPablito moved too quickly! 141.9327580967092,-1.0,-142.3255607926844
[00:09:01] [Server thread/INFO]: xPablito lost connection: Disconnected
[00:09:01] [Server thread/INFO]: xPablito left the game
[00:10:53] [Server thread/INFO]: cesxx has made the advancement [Acquire Hardware]
[00:11:13] [Server thread/INFO]: cesxx has made the advancement [Isn't It Iron Pick]
[00:11:26] [Server thread/INFO]: xPablito[/192.168.1.128:64388] logged in with entity id 11845 at (245.30000001192093, 60.0, -69.38063598818738)
[00:11:26] [Server thread/INFO]: xPablito joined the game
[00:16:36] [Server thread/INFO]: miguisaurio hit the ground too hard
[00:17:20] [Server thread/INFO]: Trabis has made the advancement [Monster Hunter]
[00:23:16] [Server thread/INFO]: Set xPablito's game mode to Survival Mode
[00:23:20] [Server thread/INFO]: No items were found on player xPablito
[00:23:27] [Server thread/INFO]: Made xPablito no longer a server operator
[00:24:51] [Server thread/INFO]: xPablito has made the advancement [Stone Age]
[00:25:45] [Server thread/INFO]: xPablito has made the advancement [Getting an Upgrade]
[00:29:01] [Server thread/INFO]: xPablito has made the advancement [Monster Hunter]
[00:31:18] [Server thread/INFO]: xPablito has made the advancement [Acquire Hardware]
[00:32:48] [Server thread/INFO]: xPablito has made the advancement [Isn't It Iron Pick]
[00:32:57] [Server thread/INFO]: xPablito has made the advancement [Suit Up]
[00:37:01] [Server thread/INFO]: Trabis has made the advancement [Take Aim]
[00:37:43] [Server thread/INFO]: cesxx has made the advancement [Suit Up]
[00:39:31] [Server thread/INFO]: miguisaurio has made the advancement [Best Friends Forever]
[00:40:43] [Server thread/INFO]: Cepa_e36 has made the advancement [Acquire Hardware]
[00:41:16] [Server thread/INFO]: Cepa_e36 has made the advancement [Isn't It Iron Pick]
[00:42:45] [Server thread/INFO]: Cepa_e36 has made the advancement [Suit Up]
[00:42:54] [Server thread/INFO]: Trabis has made the advancement [Isn't It Iron Pick]
[00:43:13] [Server thread/INFO]: Trabis has made the advancement [Suit Up]
[00:47:51] [Server thread/INFO]: Trabis lost connection: Disconnected
[00:47:51] [Server thread/INFO]: Trabis left the game
[00:51:01] [Server thread/INFO]: _byRauL_[/93.176.133.71:32864] logged in with entity id 34384 at (34.5, 70.0, 8.5)
[00:51:01] [Server thread/INFO]: _byRauL_ joined the game
[00:51:33] [Server thread/INFO]: Made xPablito a server operator
[00:52:00] [Server thread/INFO]: [xPablito: Created team [Violeta]]
[00:52:09] [Server thread/INFO]: [xPablito: Added _byRauL_ to team [Violeta]]
[00:52:18] [Server thread/INFO]: [xPablito: Updated the color for team [Violeta] to dark_purple]
[00:52:30] [Server thread/INFO]: [xPablito: Added _byRauL_ to team [Violeta]]
[00:52:33] [Server thread/INFO]: miguisaurio has made the advancement [Sweet Dreams]
[00:52:36] [Server thread/INFO]: <miguisaurio> zzz
[00:52:45] [Server thread/INFO]: cesxx has made the advancement [Sweet Dreams]
[00:52:46] [Server thread/INFO]: [xPablito: Set [Muertes] for _byRauL_ to 0]
[00:52:51] [Server thread/INFO]: [xPablito: Made xPablito no longer a server operator]
[00:53:09] [Server thread/INFO]: Cepa_e36 has made the advancement [Diamonds!]
[00:54:19] [Server thread/INFO]: No entity was found
[00:54:31] [Server thread/INFO]: Teleported _byRauL_ to cesxx
[00:54:39] [Server thread/INFO]: _byRauL_ has made the advancement [Stone Age]
[00:55:37] [Server thread/INFO]: _byRauL_ has made the advancement [Acquire Hardware]
[00:56:19] [Server thread/INFO]: _byRauL_ has made the advancement [Isn't It Iron Pick]
[00:57:10] [Server thread/INFO]: miguisaurio was slain by Iron Golem
[00:57:53] [Server thread/INFO]: _byRauL_ has made the advancement [Monster Hunter]
[00:59:22] [Server thread/INFO]: Villager bjr['Villager'/35041, l='ServerLevel[Baloteli World]', x=-410.30, y=63.94, z=2.70] died, message: 'Villager was slain by Zombie'
[00:59:36] [Server thread/INFO]: xPablito has made the advancement [Not Today, Thank You]
[00:59:48] [Server thread/INFO]: <Cepa_e36> ./me se chupa la puntita del dedo
[00:59:54] [Server thread/INFO]: <Cepa_e36> ./me levanta el dedo
[01:00:16] [Server thread/INFO]: * Cepa_e36 se hace pis
[01:07:46] [Server thread/INFO]: xPablito has made the advancement [Best Friends Forever]
[01:08:34] [Server thread/INFO]: Made xPablito a server operator
[01:08:42] [Server thread/INFO]: [xPablito: Added _byRauL_ to team [Naranja]]
[01:08:44] [Server thread/INFO]: _byRauL_ was shot by Skeleton
[01:09:02] [Server thread/INFO]: [xPablito: Teleported _byRauL_ to cesxx]
[01:09:28] [Server thread/INFO]: _byRauL_ was shot by Skeleton
[01:09:34] [Server thread/INFO]: [xPablito: Teleported _byRauL_ to cesxx]
[01:09:54] [Server thread/WARN]: Cepa_e36 moved too quickly! -8.005344547487084,0.2712241076924897,-6.140603865066055
[01:10:01] [Server thread/INFO]: [xPablito: Added Trabis to team [Violeta]]
[01:10:13] [Server thread/INFO]: [xPablito: Added xPablito to team [Azul]]
[01:10:51] [Server thread/INFO]: _byRauL_ has made the advancement [Take Aim]
[01:12:55] [Server thread/INFO]: _byRauL_ has made the advancement [Suit Up]
[01:14:54] [Server thread/WARN]: Can't keep up! Is the server overloaded? Running 2067ms or 41 ticks behind
[01:15:01] [Server thread/INFO]: xPablito has made the advancement [Sweet Dreams]
[01:16:46] [Server thread/INFO]: _byRauL_ has made the advancement [Diamonds!]
[01:17:37] [Server thread/INFO]: <miguisaurio> zzz
[01:17:46] [Server thread/INFO]: * miguisaurio realiza zzz
[01:17:57] [Server thread/INFO]: <miguisaurio> zzz
[01:17:58] [Server thread/INFO]: <miguisaurio> zzz
[01:17:58] [Server thread/INFO]: <miguisaurio> zzz
[01:17:59] [Server thread/INFO]: <miguisaurio> zzz
[01:18:00] [Server thread/INFO]: <miguisaurio> zzz
[01:18:00] [Server thread/INFO]: <miguisaurio> zzz
[01:18:01] [Server thread/INFO]: <miguisaurio> zzz
[01:18:01] [Server thread/INFO]: <miguisaurio> zzz
[01:18:02] [Server thread/INFO]: <miguisaurio> zzz
[01:18:03] [Server thread/INFO]: <miguisaurio> zzz
[01:18:03] [Server thread/INFO]: <miguisaurio> zzz
[01:18:04] [Server thread/INFO]: <miguisaurio> zzz
[01:18:04] [Server thread/INFO]: <miguisaurio> zzz
[01:18:05] [Server thread/INFO]: <miguisaurio> zzz
[01:18:06] [Server thread/INFO]: <miguisaurio> zzz
[01:18:06] [Server thread/INFO]: <miguisaurio> zzz
[01:18:07] [Server thread/INFO]: <miguisaurio> zzz
[01:18:07] [Server thread/INFO]: <miguisaurio> zzz
[01:18:08] [Server thread/INFO]: <miguisaurio> zzz
[01:18:09] [Server thread/INFO]: <miguisaurio> zzz
[01:18:09] [Server thread/INFO]: <miguisaurio> zzz
[01:18:10] [Server thread/INFO]: <miguisaurio> zzz
[01:18:11] [Server thread/INFO]: <miguisaurio> zzz
[01:18:11] [Server thread/INFO]: <miguisaurio> zzz
[01:18:12] [Server thread/INFO]: <miguisaurio> zzz
[01:18:12] [Server thread/INFO]: miguisaurio lost connection: Kicked for spamming
[01:18:12] [Server thread/INFO]: miguisaurio left the game
[01:18:18] [Server thread/INFO]: cesxx fell from a high place
[01:18:25] [Server thread/INFO]: miguisaurio[/77.230.210.206:55680] logged in with entity id 58261 at (-409.5, 66.0, 0.5)
[01:18:25] [Server thread/INFO]: miguisaurio joined the game
[01:18:41] [Server thread/INFO]: <miguisaurio> zzz
[01:18:42] [Server thread/INFO]: <miguisaurio> zzz
[01:18:43] [Server thread/INFO]: <miguisaurio> zzz
[01:18:52] [Server thread/INFO]: Cepa_e36 has made the advancement [Sweet Dreams]
[01:18:54] [Server thread/INFO]: <Cepa_e36> zzzzzzzzzzzzzzzzzzzzzzzzzzzzzzzz
[01:18:55] [Server thread/INFO]: <Cepa_e36> zzzzzzzzzz
[01:18:56] [Server thread/INFO]: <Cepa_e36> z
[01:18:56] [Server thread/INFO]: <Cepa_e36> z
[01:18:56] [Server thread/INFO]: <Cepa_e36> z
[01:18:56] [Server thread/INFO]: <Cepa_e36> z
[01:18:56] [Server thread/INFO]: <Cepa_e36> z
[01:18:57] [Server thread/INFO]: <Cepa_e36> z
[01:19:04] [Server thread/INFO]: <Cepa_e36> a dormir fap si te vienes
[01:35:24] [Server thread/INFO]: _byRauL_ has made the advancement [Sweet Dreams]
[01:37:33] [Server thread/INFO]: <miguisaurio> zzz
[01:37:34] [Server thread/INFO]: <miguisaurio> zz
[01:37:35] [Server thread/INFO]: <miguisaurio> zzz
[01:37:36] [Server thread/INFO]: <miguisaurio> zzz
[01:37:36] [Server thread/INFO]: <miguisaurio> zzz
[01:37:38] [Server thread/INFO]: <miguisaurio> zz
[01:37:38] [Server thread/INFO]: <miguisaurio> z
[01:37:39] [Server thread/INFO]: <miguisaurio> z
[01:37:40] [Server thread/INFO]: <miguisaurio> zz
[01:37:41] [Server thread/INFO]: <miguisaurio> zz
[01:37:42] [Server thread/INFO]: <miguisaurio> zzz
[01:37:43] [Server thread/INFO]: <miguisaurio> zz
[01:37:44] [Server thread/INFO]: <miguisaurio> z
[01:37:45] [Server thread/INFO]: <miguisaurio> zz
[01:37:46] [Server thread/INFO]: <miguisaurio> zzz
[01:37:56] [Server thread/INFO]: <miguisaurio> zzzzzzz
[01:37:58] [Server thread/INFO]: <miguisaurio> zzzzzz
[01:38:00] [Server thread/INFO]: <miguisaurio> zzzzz
[01:38:02] [Server thread/INFO]: <miguisaurio> zzzz
[01:38:03] [Server thread/INFO]: <miguisaurio> zzz
[01:38:03] [Server thread/INFO]: <miguisaurio> zz
[01:38:04] [Server thread/INFO]: <miguisaurio> z
[01:38:05] [Server thread/INFO]: <miguisaurio> zz
[01:38:06] [Server thread/INFO]: <miguisaurio> zzz
[01:38:07] [Server thread/INFO]: <miguisaurio> zzzz
[01:38:09] [Server thread/INFO]: <miguisaurio> zzzzz
[01:38:11] [Server thread/INFO]: <miguisaurio> zzzzzz
[01:38:13] [Server thread/INFO]: <miguisaurio> zzzzzzz
[01:38:20] [Server thread/INFO]: <miguisaurio> zzzzzzzz
[01:38:24] [Server thread/INFO]: <miguisaurio> zzzzzzzzz
[01:38:26] [Server thread/INFO]: <miguisaurio> zzzzzzzz
[01:39:18] [Server thread/INFO]: Villager bjr['Nitwit'/58404, l='ServerLevel[Baloteli World]', x=-410.50, y=63.94, z=0.68] died, message: 'Nitwit hit the ground too hard'
[01:39:20] [Server thread/INFO]: miguisaurio lost connection: Disconnected
[01:39:20] [Server thread/INFO]: miguisaurio left the game
[01:48:45] [Server thread/INFO]: cesxx has made the advancement [Diamonds!]
[01:56:08] [Server thread/INFO]: <xPablito> T
[01:56:23] [Server thread/INFO]: <cesxx> 49 54 -330
[02:08:54] [Server thread/INFO]: cesxx has made the advancement [Voluntary Exile]
[02:09:13] [Server thread/WARN]: Mismatch in destroy block pos: gg{x=-305, y=68, z=-896} gg{x=-306, y=67, z=-895}
[02:09:13] [Server thread/WARN]: Mismatch in destroy block pos: gg{x=-305, y=68, z=-896} gg{x=-306, y=67, z=-895}
[02:09:13] [Server thread/WARN]: Mismatch in destroy block pos: gg{x=-305, y=68, z=-896} gg{x=-306, y=67, z=-895}
[02:09:13] [Server thread/WARN]: Mismatch in destroy block pos: gg{x=-305, y=68, z=-896} gg{x=-306, y=67, z=-895}
[02:09:13] [Server thread/WARN]: Mismatch in destroy block pos: gg{x=-305, y=68, z=-896} gg{x=-306, y=67, z=-895}
[02:09:13] [Server thread/WARN]: Mismatch in destroy block pos: gg{x=-305, y=68, z=-896} gg{x=-306, y=67, z=-895}
[02:09:16] [Server thread/WARN]: Mismatch in destroy block pos: gg{x=-309, y=69, z=-896} gg{x=-309, y=66, z=-896}
[02:15:25] [Server thread/INFO]: xPablito has made the advancement [Take Aim]
[02:30:23] [Server thread/INFO]: xPablito lost connection: Disconnected
[02:30:23] [Server thread/INFO]: xPablito left the game
[02:40:40] [Server thread/INFO]: cesxx lost connection: Disconnected
[02:40:40] [Server thread/INFO]: cesxx left the game
[02:42:52] [Server thread/INFO]: Cepa_e36 lost connection: Disconnected
[02:42:52] [Server thread/INFO]: Cepa_e36 left the game
[02:42:56] [Server thread/INFO]: _byRauL_ lost connection: Disconnected
[02:42:56] [Server thread/INFO]: _byRauL_ left the game
[02:44:49] [Server thread/INFO]: Stopping server
[02:44:49] [Server thread/INFO]: Saving players
[02:44:49] [Server thread/INFO]: Saving worlds
[02:44:49] [Server thread/INFO]: Saving chunks for level 'ServerLevel[Baloteli World]'/minecraft:overworld
[02:44:50] [Server thread/INFO]: Saving chunks for level 'ServerLevel[Baloteli World]'/minecraft:the_nether
[02:44:50] [Server thread/INFO]: Saving chunks for level 'ServerLevel[Baloteli World]'/minecraft:the_end
[02:44:50] [Server thread/INFO]: ThreadedAnvilChunkStorage (Baloteli World): All chunks are saved
[02:44:50] [Server thread/INFO]: ThreadedAnvilChunkStorage (DIM-1): All chunks are saved
[02:44:50] [Server thread/INFO]: ThreadedAnvilChunkStorage (DIM1): All chunks are saved
[02:44:50] [Server thread/INFO]: ThreadedAnvilChunkStorage: All dimensions are saved
